{"/Users/ivanran1/Desktop/ca_workbook/drinks/app.js": {"path":"/Users/ivanran1/Desktop/ca_workbook/drinks/app.js","statementMap":{"0":{"start":{"line":1,"column":15},"end":{"line":1,"column":33}},"1":{"start":{"line":2,"column":15},"end":{"line":2,"column":32}},"2":{"start":{"line":3,"column":19},"end":{"line":3,"column":39}},"3":{"start":{"line":5,"column":12},"end":{"line":5,"column":21}},"4":{"start":{"line":7,"column":0},"end":{"line":7,"column":30}},"5":{"start":{"line":8,"column":0},"end":{"line":8,"column":36}},"6":{"start":{"line":10,"column":0},"end":{"line":10,"column":30}},"7":{"start":{"line":11,"column":0},"end":{"line":11,"column":24}},"8":{"start":{"line":13,"column":0},"end":{"line":13,"column":28}},"9":{"start":{"line":15,"column":0},"end":{"line":15,"column":28}},"10":{"start":{"line":17,"column":0},"end":{"line":17,"column":18}},"11":{"start":{"line":18,"column":0},"end":{"line":18,"column":21}}},"fnMap":{},"branchMap":{},"s":{"0":1,"1":1,"2":1,"3":1,"4":1,"5":1,"6":1,"7":1,"8":1,"9":1,"10":1,"11":1},"f":{},"b":{},"_coverageSchema":"332fd63041d2c1bcb487cc26dd0d5f7d97098a6c","hash":"6d9bda6c9c91f32913dc0381841f02f307f46517"}
,"/Users/ivanran1/Desktop/ca_workbook/drinks/controllers/homepage_controller.js": {"path":"/Users/ivanran1/Desktop/ca_workbook/drinks/controllers/homepage_controller.js","statementMap":{"0":{"start":{"line":2,"column":4},"end":{"line":2,"column":36}},"1":{"start":{"line":5,"column":0},"end":{"line":7,"column":1}}},"fnMap":{"0":{"name":"index","decl":{"start":{"line":1,"column":9},"end":{"line":1,"column":14}},"loc":{"start":{"line":1,"column":25},"end":{"line":3,"column":1}},"line":1}},"branchMap":{},"s":{"0":2,"1":2},"f":{"0":2},"b":{},"_coverageSchema":"332fd63041d2c1bcb487cc26dd0d5f7d97098a6c","hash":"4fa258222c27ddef65f09fefd3bd5698dadacebd"}
,"/Users/ivanran1/Desktop/ca_workbook/drinks/routes/index.js": {"path":"/Users/ivanran1/Desktop/ca_workbook/drinks/routes/index.js","statementMap":{"0":{"start":{"line":1,"column":16},"end":{"line":1,"column":34}},"1":{"start":{"line":2,"column":15},"end":{"line":2,"column":31}},"2":{"start":{"line":4,"column":27},"end":{"line":4,"column":74}},"3":{"start":{"line":6,"column":0},"end":{"line":6,"column":42}},"4":{"start":{"line":8,"column":0},"end":{"line":8,"column":24}}},"fnMap":{},"branchMap":{},"s":{"0":1,"1":1,"2":1,"3":1,"4":1},"f":{},"b":{},"_coverageSchema":"332fd63041d2c1bcb487cc26dd0d5f7d97098a6c","hash":"f4986dd1f6be48059af1ba25c4496fa8d6c46b08"}
}
