TN:
SF:/Users/ivanran1/Desktop/ca_workbook/drinks/app.js
FNF:0
FNH:0
DA:1,1
DA:2,1
DA:3,1
DA:5,1
DA:7,1
DA:8,1
DA:10,1
DA:11,1
DA:13,1
DA:15,1
DA:17,1
DA:18,1
LF:12
LH:12
BRF:0
BRH:0
end_of_record
TN:
SF:/Users/ivanran1/Desktop/ca_workbook/drinks/controllers/homepage_controller.js
FN:1,index
FNF:1
FNH:1
FNDA:2,index
DA:2,2
DA:5,2
LF:2
LH:2
BRF:0
BRH:0
end_of_record
TN:
SF:/Users/ivanran1/Desktop/ca_workbook/drinks/routes/index.js
FNF:0
FNH:0
DA:1,1
DA:2,1
DA:4,1
DA:6,1
DA:8,1
LF:5
LH:5
BRF:0
BRH:0
end_of_record
